SF:lib/app/core/appClient/custom_dio.dart
DA:10,0
DA:11,0
DA:12,0
DA:15,0
DA:18,0
DA:19,0
DA:23,0
DA:24,0
LF:8
LH:0
end_of_record
SF:lib/app/modules/public/login/data/datasources/remotes/auth/auth_datasource_remote.dart
DA:11,0
DA:14,0
DA:19,0
DA:21,0
DA:23,0
LF:5
LH:0
end_of_record
SF:lib/app/modules/public/login/domain/erros/auth_failure.dart
DA:7,0
DA:11,0
DA:16,0
DA:21,0
LF:4
LH:0
end_of_record
SF:lib/app/modules/public/login/data/repositories/auth_repository_impl.dart
DA:8,1
DA:12,1
DA:15,2
DA:18,2
LF:4
LH:4
end_of_record
SF:lib/app/core/errors/erros.dart
DA:4,0
LF:1
LH:0
end_of_record
SF:lib/app/core/usecase/usecase.dart
DA:10,3
LF:1
LH:1
end_of_record
SF:lib/app/modules/public/login/domain/usecases/auth/auth_usecase_impl.dart
DA:10,1
DA:11,1
DA:15,1
DA:16,1
DA:17,3
DA:21,2
DA:23,1
DA:24,0
DA:26,2
LF:9
LH:8
end_of_record
SF:lib/app/core/appClient/auth_interceptor.dart
DA:4,0
DA:8,0
DA:10,0
DA:11,0
DA:14,0
DA:16,0
DA:18,0
DA:20,0
LF:8
LH:0
end_of_record
SF:lib/app/core/config/env/env.dart
DA:6,0
DA:7,0
DA:8,0
DA:12,0
DA:14,0
LF:5
LH:0
end_of_record
