SF:lib/app/modules/public/login/domain/erros/auth_failure.dart
DA:7,0
DA:11,0
DA:16,0
LF:3
LH:0
end_of_record
SF:lib/app/modules/public/login/domain/usecases/auth/auth_usecase_impl.dart
DA:10,1
DA:11,1
DA:15,1
DA:16,1
DA:17,3
DA:18,1
DA:20,2
DA:23,2
LF:8
LH:8
end_of_record
SF:lib/app/core/errors/erros.dart
DA:4,0
LF:1
LH:0
end_of_record
SF:lib/app/core/usecase/usecase.dart
DA:10,1
LF:1
LH:1
end_of_record
SF:lib/main.dart
DA:5,0
DA:6,0
DA:7,0
DA:11,2
DA:13,1
DA:15,1
DA:17,1
DA:26,1
DA:30,1
DA:31,1
DA:37,1
DA:38,2
DA:39,2
DA:43,1
DA:45,1
DA:46,1
DA:47,3
DA:49,1
DA:50,1
DA:52,1
DA:56,1
DA:57,2
DA:58,3
DA:63,1
DA:64,1
LF:25
LH:22
end_of_record
SF:lib/app/core/config/env/env.dart
DA:6,0
DA:7,0
DA:8,0
DA:12,0
DA:14,0
LF:5
LH:0
end_of_record
